MSVC environment: 
allusersprofile=C:\ProgramData
appdata=C:\Users\pc1rss\AppData\Roaming
clion=C:\Program Files\JetBrains\CLion 2020.3.2\bin;
commandprompttype=Cross
commonprogramfiles=C:\Program Files\Common Files
commonprogramfiles(x86)=C:\Program Files (x86)\Common Files
commonprogramw6432=C:\Program Files\Common Files
computername=TEN0025AB95DE9A
comspec=C:\WINDOWS\system32\cmd.exe
conda_default_env=base
conda_prefix=C:\ProgramData\Anaconda3
conda_prompt_modifier=(base) 
conda_shlvl=1
devenvdir=C:\Program Files (x86)\Microsoft Visual Studio\2019\Professional\Common7\IDE\
driverdata=C:\Windows\System32\Drivers\DriverData
extensionsdkdir=C:\Program Files (x86)\Microsoft SDKs\Windows Kits\10\ExtensionSDKs
fps_browser_app_profile_string=Internet Explorer
fps_browser_user_profile_string=Default
framework40version=v4.0
frameworkdir=C:\WINDOWS\Microsoft.NET\Framework\
frameworkdir32=C:\WINDOWS\Microsoft.NET\Framework\
frameworkdir64=C:\WINDOWS\Microsoft.NET\Framework64
frameworkversion=v4.0.30319
frameworkversion32=v4.0.30319
frameworkversion64=v4.0.30319
homedrive=U:
homepath=\
homeshare=\\stfdata08\home\PC\Pc1rss
htmlhelpdir=C:\Program Files (x86)\HTML Help Workshop
idea_initial_directory=C:\Program Files\JetBrains\PyCharm 2019.2\bin
ifcpath=C:\Program Files (x86)\Microsoft Visual Studio\2019\Professional\VC\Tools\MSVC\14.28.29333\ifc\x64
include=C:\Program Files (x86)\Microsoft Visual Studio\2019\Professional\VC\Tools\MSVC\14.28.29333\ATLMFC\include;C:\Program Files (x86)\Microsoft Visual Studio\2019\Professional\VC\Tools\MSVC\14.28.29333\include;C:\Program Files (x86)\Windows Kits\NETFXSDK\4.8\include\um;C:\Program Files (x86)\Windows Kits\10\include\10.0.18362.0\ucrt;C:\Program Files (x86)\Windows Kits\10\include\10.0.18362.0\shared;C:\Program Files (x86)\Windows Kits\10\include\10.0.18362.0\um;C:\Program Files (x86)\Windows Kits\10\include\10.0.18362.0\winrt;C:\Program Files (x86)\Windows Kits\10\include\10.0.18362.0\cppwinrt
ipythonenable=True
java_home=C:\Program Files\Android\Jdk\microsoft_dist_openjdk_1.8.0.25
lib=C:\Program Files (x86)\Microsoft Visual Studio\2019\Professional\VC\Tools\MSVC\14.28.29333\ATLMFC\lib\x64;C:\Program Files (x86)\Microsoft Visual Studio\2019\Professional\VC\Tools\MSVC\14.28.29333\lib\x64;C:\Program Files (x86)\Windows Kits\NETFXSDK\4.8\lib\um\x64;C:\Program Files (x86)\Windows Kits\10\lib\10.0.18362.0\ucrt\x64;C:\Program Files (x86)\Windows Kits\10\lib\10.0.18362.0\um\x64
libpath=C:\Program Files (x86)\Microsoft Visual Studio\2019\Professional\VC\Tools\MSVC\14.28.29333\ATLMFC\lib\x64;C:\Program Files (x86)\Microsoft Visual Studio\2019\Professional\VC\Tools\MSVC\14.28.29333\lib\x64;C:\Program Files (x86)\Microsoft Visual Studio\2019\Professional\VC\Tools\MSVC\14.28.29333\lib\x86\store\references;C:\Program Files (x86)\Windows Kits\10\UnionMetadata\10.0.18362.0;C:\Program Files (x86)\Windows Kits\10\References\10.0.18362.0;C:\WINDOWS\Microsoft.NET\Framework\v4.0.30319
localappdata=C:\Users\pc1rss\AppData\Local
logonserver=\\SHEFUNIAD07
mlm_license_file=C:\Program Files\MATLAB\R2018a\licenses\license.dat
moz_plugin_path=C:\PROGRAM FILES (X86)\FOXIT SOFTWARE\FOXIT READER\plugins\
netfxsdkdir=C:\Program Files (x86)\Windows Kits\NETFXSDK\4.8\
neuronhome=c:\nrn
number_of_processors=4
omp_num_threads=4
onedrive=C:\Users\pc1rss\OneDrive
os=Windows_NT
path=C:\Program Files (x86)\Microsoft Visual Studio\2019\Professional\Common7\IDE\\Extensions\Microsoft\IntelliCode\CLI;C:\Program Files (x86)\Microsoft Visual Studio\2019\Professional\VC\Tools\MSVC\14.28.29333\bin\HostX86\x64;C:\Program Files (x86)\Microsoft Visual Studio\2019\Professional\VC\Tools\MSVC\14.28.29333\bin\HostX86\x86;C:\Program Files (x86)\Microsoft Visual Studio\2019\Professional\Common7\IDE\VC\VCPackages;C:\Program Files (x86)\Microsoft Visual Studio\2019\Professional\Common7\IDE\CommonExtensions\Microsoft\TestWindow;C:\Program Files (x86)\Microsoft Visual Studio\2019\Professional\Common7\IDE\CommonExtensions\Microsoft\TeamFoundation\Team Explorer;C:\Program Files (x86)\Microsoft Visual Studio\2019\Professional\MSBuild\Current\bin\Roslyn;C:\Program Files (x86)\Microsoft Visual Studio\2019\Professional\Team Tools\Performance Tools\x64;C:\Program Files (x86)\Microsoft Visual Studio\2019\Professional\Team Tools\Performance Tools;C:\Program Files (x86)\Microsoft Visual Studio\Shared\Common\VSPerfCollectionTools\vs2019\\x64;C:\Program Files (x86)\Microsoft Visual Studio\Shared\Common\VSPerfCollectionTools\vs2019\;C:\Program Files (x86)\Microsoft SDKs\Windows\v10.0A\bin\NETFX 4.8 Tools\;C:\Program Files (x86)\HTML Help Workshop;C:\Program Files (x86)\Windows Kits\10\bin\10.0.18362.0\x86;C:\Program Files (x86)\Windows Kits\10\bin\x86;C:\Program Files (x86)\Microsoft Visual Studio\2019\Professional\\MSBuild\Current\Bin;C:\WINDOWS\Microsoft.NET\Framework\v4.0.30319;C:\Program Files (x86)\Microsoft Visual Studio\2019\Professional\Common7\IDE\;C:\Program Files (x86)\Microsoft Visual Studio\2019\Professional\Common7\Tools\;C:\ProgramData\Anaconda3;C:\ProgramData\Anaconda3\Library\mingw-w64\bin;C:\ProgramData\Anaconda3\Library\usr\bin;C:\ProgramData\Anaconda3\Library\bin;C:\ProgramData\Anaconda3\Scripts;C:\ProgramData\Anaconda3\bin;C:\ProgramData\Anaconda3\condabin;C:\Program Files (x86)\Common Files\Oracle\Java\javapath;C:\WINDOWS\system32;C:\WINDOWS;C:\WINDOWS\System32\Wbem;C:\WINDOWS\System32\WindowsPowerShell\v1.0;C:\Program Files\MiKTeX 2.9\miktex\bin\x64;C:\Program Files\SAS\SharedFiles(32)\Formats;C:\Program Files\MATLAB\R2018b\bin;C:\Program Files\Git\cmd;C:\WINDOWS\System32\OpenSSH;C:\Program Files\Microsoft SQL Server\130\Tools\Binn;c:\Program Files (x86)\Microsoft SQL Server\100\Tools\Binn;c:\Program Files\Microsoft SQL Server\100\Tools\Binn;c:\Program Files\Microsoft SQL Server\100\DTS\Binn;C:\Program Files\dotnet;C:\Program Files (x86)\IncrediBuild;C:\Users\pc1rss\AppData\Local\Microsoft\WindowsApps;C:\Users\pc1rss\AppData\Local\GitHubDesktop\bin;C:\Users\pc1rss\AppData\Local\Microsoft\WindowsApps;C:\Program Files\JetBrains\PyCharm 2019.1\bin;C:\Users\pc1rss\AppData\Local\atom\bin;c:\nrn\bin;c:\nrn\mingw\usr\bin;C:\Program Files\JetBrains\CLion 2020.3.2\bin;.;C:\Users\pc1rss\.dotnet\tools;C:\Program Files (x86)\Microsoft Visual Studio\2019\Professional\VC\Tools\Llvm\bin;C:\Program Files (x86)\Microsoft Visual Studio\2019\Professional\Common7\IDE\CommonExtensions\Microsoft\CMake\CMake\bin;C:\Program Files (x86)\Microsoft Visual Studio\2019\Professional\Common7\IDE\CommonExtensions\Microsoft\CMake\Ninja;C:\Program Files (x86)\Microsoft Visual Studio\2019\Professional\Common7\IDE\VC\Linux\bin\ConnectionManagerExe
pathext=.COM;.EXE;.BAT;.CMD;.VBS;.VBE;.JS;.JSE;.WSF;.WSH;.MSC
platform=x64
processor_architecture=AMD64
processor_identifier=Intel64 Family 6 Model 94 Stepping 3, GenuineIntel
processor_level=6
processor_revision=5e03
programdata=C:\ProgramData
programfiles=C:\Program Files
programfiles(x86)=C:\Program Files (x86)
programw6432=C:\Program Files
prompt=(base) $P$G
psmodulepath=C:\Program Files\WindowsPowerShell\Modules;C:\WINDOWS\system32\WindowsPowerShell\v1.0\Modules
public=C:\Users\Public
pycharm=C:\Program Files\JetBrains\PyCharm 2019.1\bin;
pycharm_display_port=63342
pycharm_hosted=1
pycharm_matplotlib_index=0
pycharm_matplotlib_interactive=true
pydevd_load_values_on_demand=True
python=C:\ProgramData\Anaconda3\python.exe
pythonioencoding=UTF-8
pythonpath=C:\Users\pc1rss\Dropbox\NeuralCGI\Brian2\My scripts;c:\nrn\lib\python;C:\Program Files\JetBrains\PyCharm 2019.2\plugins\python\helpers\pycharm_matplotlib_backend;C:\Program Files\JetBrains\PyCharm 2019.2\plugins\python\helpers\pycharm_display;C:\Program Files\JetBrains\PyCharm 2019.2\plugins\python\helpers\third_party\thriftpy;C:\Program Files\JetBrains\PyCharm 2019.2\plugins\python\helpers\pydev
pythonunbuffered=1
sessionname=Console
systemdrive=C:
systemroot=C:\WINDOWS
temp=C:\Users\pc1rss\AppData\Local\Temp
tmp=C:\Users\pc1rss\AppData\Local\Temp
uatdata=C:\Windows\CCM\UATData\D9F8C395-CAB8-491d-B8AC-179A1FE1BE77
ucrtversion=10.0.18362.0
universalcrtsdkdir=C:\Program Files (x86)\Windows Kits\10\
userdnsdomain=SHEFUNIAD.SHEF.AC.UK
userdomain=SHEFUNIAD
userdomain_roamingprofile=SHEFUNIAD
username=pc1rss
userprofile=C:\Users\pc1rss
vcideinstalldir=C:\Program Files (x86)\Microsoft Visual Studio\2019\Professional\Common7\IDE\VC\
vcinstalldir=C:\Program Files (x86)\Microsoft Visual Studio\2019\Professional\VC\
vctoolsinstalldir=C:\Program Files (x86)\Microsoft Visual Studio\2019\Professional\VC\Tools\MSVC\14.28.29333\
vctoolsredistdir=C:\Program Files (x86)\Microsoft Visual Studio\2019\Professional\VC\Redist\MSVC\14.28.29325\
vctoolsversion=14.28.29333
visualstudioversion=16.0
vs100comntools=C:\Program Files (x86)\Microsoft Visual Studio 10.0\Common7\Tools\
vs140comntools=C:\Program Files (x86)\Microsoft Visual Studio 14.0\Common7\Tools\
vs160comntools=C:\Program Files (x86)\Microsoft Visual Studio\2019\Professional\Common7\Tools\
vscmd_arg_app_plat=Desktop
vscmd_arg_host_arch=x86
vscmd_arg_tgt_arch=x64
vscmd_ver=16.8.5
vsinstalldir=C:\Program Files (x86)\Microsoft Visual Studio\2019\Professional\
windir=C:\WINDOWS
windowslibpath=C:\Program Files (x86)\Windows Kits\10\UnionMetadata\10.0.18362.0;C:\Program Files (x86)\Windows Kits\10\References\10.0.18362.0
windowssdkbinpath=C:\Program Files (x86)\Windows Kits\10\bin\
windowssdkdir=C:\Program Files (x86)\Windows Kits\10\
windowssdklibversion=10.0.18362.0\
windowssdkverbinpath=C:\Program Files (x86)\Windows Kits\10\bin\10.0.18362.0\
windowssdkversion=10.0.18362.0\
windowssdk_executablepath_x64=C:\Program Files (x86)\Microsoft SDKs\Windows\v10.0A\bin\NETFX 4.8 Tools\x64\
windowssdk_executablepath_x86=C:\Program Files (x86)\Microsoft SDKs\Windows\v10.0A\bin\NETFX 4.8 Tools\
__dotnet_add_32bit=1
__dotnet_add_64bit=1
__dotnet_preferred_bitness=32
__vscmd_preinit_path=C:\ProgramData\Anaconda3;C:\ProgramData\Anaconda3\Library\mingw-w64\bin;C:\ProgramData\Anaconda3\Library\usr\bin;C:\ProgramData\Anaconda3\Library\bin;C:\ProgramData\Anaconda3\Scripts;C:\ProgramData\Anaconda3\bin;C:\ProgramData\Anaconda3\condabin;C:\Program Files (x86)\Common Files\Oracle\Java\javapath;C:\WINDOWS\system32;C:\WINDOWS;C:\WINDOWS\System32\Wbem;C:\WINDOWS\System32\WindowsPowerShell\v1.0;C:\Program Files\MiKTeX 2.9\miktex\bin\x64;C:\Program Files\SAS\SharedFiles(32)\Formats;C:\Program Files\MATLAB\R2018b\bin;C:\Program Files\Git\cmd;C:\WINDOWS\System32\OpenSSH;C:\Program Files\Microsoft SQL Server\130\Tools\Binn;c:\Program Files (x86)\Microsoft SQL Server\100\Tools\Binn;c:\Program Files\Microsoft SQL Server\100\Tools\Binn;c:\Program Files\Microsoft SQL Server\100\DTS\Binn;C:\Program Files\dotnet;C:\Program Files (x86)\IncrediBuild;C:\Users\pc1rss\AppData\Local\Microsoft\WindowsApps;C:\Users\pc1rss\AppData\Local\GitHubDesktop\bin;C:\Users\pc1rss\AppData\Local\Microsoft\WindowsApps;C:\Program Files\JetBrains\PyCharm 2019.1\bin;C:\Users\pc1rss\AppData\Local\atom\bin;c:\nrn\bin;c:\nrn\mingw\usr\bin;C:\Program Files\JetBrains\CLion 2020.3.2\bin;.;C:\Users\pc1rss\.dotnet\tools
__vscmd_script_err_count=0
py_vcruntime_redist=C:\Program Files (x86)\Microsoft Visual Studio\2019\Professional\VC\Auxiliary\Build\..\..\redist\MSVC\14.16.27012\x86\Microsoft.VC141.CRT\vcruntime140.dll

Microsoft (R) Program Maintenance Utility Version 14.28.29337.0
Copyright (C) Microsoft Corporation.  All rights reserved.

	cl /c /EHsc /I. -Ibrianlib/randomkit -IC:\ProgramData\Anaconda3\Library\include /Ox /w  /MP  code_objects/neurongroup_group_variable_set_conditional_codeobject.cpp /Focode_objects\neurongroup_group_variable_set_conditional_codeobject.obj
Microsoft (R) C/C++ Optimizing Compiler Version 19.28.29337 for x64
Copyright (C) Microsoft Corporation.  All rights reserved.

neurongroup_group_variable_set_conditional_codeobject.cpp
	cl /c /EHsc /I. -Ibrianlib/randomkit -IC:\ProgramData\Anaconda3\Library\include /Ox /w  /MP  code_objects/neurongroup_resetter_codeobject.cpp /Focode_objects\neurongroup_resetter_codeobject.obj
Microsoft (R) C/C++ Optimizing Compiler Version 19.28.29337 for x64
Copyright (C) Microsoft Corporation.  All rights reserved.

neurongroup_resetter_codeobject.cpp
	cl /c /EHsc /I. -Ibrianlib/randomkit -IC:\ProgramData\Anaconda3\Library\include /Ox /w  /MP  code_objects/neurongroup_thresholder_codeobject.cpp /Focode_objects\neurongroup_thresholder_codeobject.obj
Microsoft (R) C/C++ Optimizing Compiler Version 19.28.29337 for x64
Copyright (C) Microsoft Corporation.  All rights reserved.

neurongroup_thresholder_codeobject.cpp
	cl /c /EHsc /I. -Ibrianlib/randomkit -IC:\ProgramData\Anaconda3\Library\include /Ox /w  /MP  objects.cpp /Foobjects.obj
Microsoft (R) C/C++ Optimizing Compiler Version 19.28.29337 for x64
Copyright (C) Microsoft Corporation.  All rights reserved.

objects.cpp
	link @sourcefiles.txt /LIBPATH:brianlib/randomkit /LIBPATH:C:\ProgramData\Anaconda3\Library\Lib advapi32.lib /LIBPATH:. /OUT:main.exe
Microsoft (R) Incremental Linker Version 14.28.29337.0
Copyright (C) Microsoft Corporation.  All rights reserved.

brianlib\randomkit\randomkit code_objects\neurongroup_group_variable_set_conditional_codeobject code_objects\neurongroup_resetter_codeobject code_objects\neurongroup_thresholder_codeobject main network objects run synapses_classes 
