Build started 3/18/2021 12:08:40 PM.
     1>Project "E:\Documents\Jobs\CompNeuro\Git\Animat\Stable version from 2015\beta\beta\beta.vcxproj" on node 2 (Rebuild target(s)).
     1>ClCompile:
         E:\Programs\Microsoft Visual Studio 12.0\VC\bin\CL.exe /c /Zi /nologo /W3 /WX- /Od /Oy- /D WIN32 /D _DEBUG /D _CONSOLE /D _UNICODE /D UNICODE /Gm- /EHsc /MDd /GS /fp:precise /Zc:wchar_t /Zc:forScope /Fo"Debug\\" /Fd"Debug\vc120.pdb" /Gd /TP /analyze- /errorReport:prompt beta_main.cpp extApi.cpp extApiPlatform.cpp
         beta_main.cpp
     1>e:\documents\jobs\compneuro\git\animat\stable version from 2015\beta\beta\beta_main.h(124): warning C4273: 'SetConsoleCtrlHandler' : inconsistent dll linkage
                 C:\Program Files (x86)\Windows Kits\8.1\Include\um\consoleapi.h(159) : see previous definition of 'SetConsoleCtrlHandler'
     1>beta_main.cpp(587): warning C4244: 'initializing' : conversion from 'float' to 'int', possible loss of data
     1>beta_main.cpp(1187): warning C4244: '=' : conversion from 'float' to 'short', possible loss of data
     1>beta_main.cpp(1196): warning C4244: '=' : conversion from 'float' to 'short', possible loss of data
         extApi.cpp
         extApiPlatform.cpp
         Adding library: Winmm.lib
         Adding library: Ws2_32.lib
         Generating Code...
       Link:
         E:\Programs\Microsoft Visual Studio 12.0\VC\bin\link.exe /ERRORREPORT:PROMPT /OUT:"E:\Documents\Jobs\CompNeuro\Git\Animat\Stable version from 2015\beta\Debug\beta.exe" /INCREMENTAL /NOLOGO ws2_32.lib kernel32.lib user32.lib gdi32.lib winspool.lib comdlg32.lib advapi32.lib shell32.lib ole32.lib oleaut32.lib uuid.lib odbc32.lib odbccp32.lib /MANIFEST /MANIFESTUAC:"level='asInvoker' uiAccess='false'" /manifest:embed /DEBUG /PDB:"E:\Documents\Jobs\CompNeuro\Git\Animat\Stable version from 2015\beta\Debug\beta.pdb" /ASSEMBLYDEBUG /SUBSYSTEM:CONSOLE /TLBID:1 /DYNAMICBASE /NXCOMPAT /IMPLIB:"E:\Documents\Jobs\CompNeuro\Git\Animat\Stable version from 2015\beta\Debug\beta.lib" /MACHINE:X86 /SAFESEH ws2_32.lib Debug\beta_main.obj
         Debug\extApi.obj
         Debug\extApiPlatform.obj
            Creating library E:\Documents\Jobs\CompNeuro\Git\Animat\Stable version from 2015\beta\Debug\beta.lib and object E:\Documents\Jobs\CompNeuro\Git\Animat\Stable version from 2015\beta\Debug\beta.exp
         beta.vcxproj -> E:\Documents\Jobs\CompNeuro\Git\Animat\Stable version from 2015\beta\Debug\beta.exe
     1>Done Building Project "E:\Documents\Jobs\CompNeuro\Git\Animat\Stable version from 2015\beta\beta\beta.vcxproj" (Rebuild target(s)).

Build succeeded.

Time Elapsed 00:00:01.96
